# JRE version: Java(TM) SE Runtime Environment (24.0.1+9) (build 24.0.1+9-30)
# Java VM: Java HotSpot(TM) 64-Bit Server VM (24.0.1+9-30, mixed mode, sharing, tiered, compressed oops, compressed class ptrs, g1 gc, windows-amd64)
GC Precious Log:
 CardTable entry size: 512
 Card Set container configuration: InlinePtr #cards 5 size 8 Array Of Cards #cards 10 size 36 Howl #buckets 4 coarsen threshold 1843 Howl Bitmap #cards 512 size 80 coarsen threshold 460 Card regions per heap region 1 cards per card region 2048
 CPUs: 4 total, 4 available
 Memory: 8173M
 Large Page Support: Disabled
 NUMA Support: Disabled
 Compressed Oops: Enabled (32-bit)
 Heap Region Size: 1M
 Heap Min Capacity: 8M
 Heap Initial Capacity: 128M
 Heap Max Capacity: 2044M
 Pre-touch: Disabled
 Parallel Workers: 4
 Concurrent Workers: 1
 Concurrent Refinement Workers: 4
 Periodic GC: Disabled
Heap:
 garbage-first heap   total reserved 2093056K, committed 86016K, used 24039K [0x0000000080400000, 0x0000000100000000)
  region size 1024K, 10 young (10240K), 9 survivors (9216K)
 Metaspace       used 22797K, committed 23104K, reserved 1114112K
  class space    used 2229K, committed 2368K, reserved 1048576K
GC Heap History (6 events):
Event: 2.391 GC heap before
{Heap before GC invocations=0 (full 0):
 garbage-first heap   total reserved 2093056K, committed 133120K, used 29812K [0x0000000080400000, 0x0000000100000000)
  region size 1024K, 28 young (28672K), 0 survivors (0K)
 Metaspace       used 6536K, committed 6720K, reserved 1114112K
  class space    used 585K, committed 704K, reserved 1048576K
}
Event: 2.400 GC heap after
{Heap after GC invocations=1 (full 0):
 garbage-first heap   total reserved 2093056K, committed 133120K, used 4468K [0x0000000080400000, 0x0000000100000000)
  region size 1024K, 4 young (4096K), 4 survivors (4096K)
 Metaspace       used 6536K, committed 6720K, reserved 1114112K
  class space    used 585K, committed 704K, reserved 1048576K
}
Event: 5.427 GC heap before
{Heap before GC invocations=1 (full 0):
 garbage-first heap   total reserved 2093056K, committed 133120K, used 60788K [0x0000000080400000, 0x0000000100000000)
  region size 1024K, 59 young (60416K), 4 survivors (4096K)
 Metaspace       used 15266K, committed 15488K, reserved 1114112K
  class space    used 1493K, committed 1600K, reserved 1048576K
}
Event: 5.442 GC heap after
{Heap after GC invocations=2 (full 0):
 garbage-first heap   total reserved 2093056K, committed 133120K, used 9668K [0x0000000080400000, 0x0000000100000000)
  region size 1024K, 8 young (8192K), 8 survivors (8192K)
 Metaspace       used 15266K, committed 15488K, reserved 1114112K
  class space    used 1493K, committed 1600K, reserved 1048576K
}
Event: 8.017 GC heap before
{Heap before GC invocations=2 (full 0):
 garbage-first heap   total reserved 2093056K, committed 133120K, used 70084K [0x0000000080400000, 0x0000000100000000)
  region size 1024K, 67 young (68608K), 8 survivors (8192K)
 Metaspace       used 16361K, committed 16704K, reserved 1114112K
  class space    used 1571K, committed 1728K, reserved 1048576K
}
Event: 8.032 GC heap after
{Heap after GC invocations=3 (full 0):
 garbage-first heap   total reserved 2093056K, committed 133120K, used 14675K [0x0000000080400000, 0x0000000100000000)
  region size 1024K, 5 young (5120K), 5 survivors (5120K)
 Metaspace       used 16361K, committed 16704K, reserved 1114112K
  class space    used 1571K, committed 1728K, reserved 1048576K
}

